<?xml version="1.0" encoding="UTF-8"?>
<testsuite name="AppTest" tests="1" skipped="0" failures="0" errors="0" timestamp="2021-08-04T22:58:57" hostname="SRSARNOB-M-93AB" time="0.001">
  <properties/>
  <testcase name="testAppHasAGreeting" classname="AppTest" time="0.001"/>
  <system-out><![CDATA[]]></system-out>
  <system-err><![CDATA[]]></system-err>
</testsuite>
